<?xml version="1.0" encoding="UTF-8"?>
<testsuite xmlns:xsi="http://www.w3.org/2001/XMLSchema-instance" xsi:noNamespaceSchemaLocation="https://maven.apache.org/surefire/maven-surefire-plugin/xsd/surefire-test-report.xsd" version="3.0.2" name="online.muydinov.quizletclone.QuizletCloneApplicationTests" time="23.309" tests="1" errors="0" skipped="0" failures="0">
  <properties>
[...]
</properties>
  <testcase name="contextLoads" classname="online.muydinov.quizletclone.QuizletCloneApplicationTests" time="0.167">
    <system-out><![CDATA[07:35:58.154 [main] INFO org.springframework.test.context.support.AnnotationConfigContextLoaderUtils -- Could not detect default configuration classes for test class [online.muydinov.quizletclone.QuizletCloneApplicationTests]: QuizletCloneApplicationTests does not declare any static, non-private, non-final, nested classes annotated with @Configuration.
07:35:58.469 [main] INFO org.springframework.boot.test.context.SpringBootTestContextBootstrapper -- Found @SpringBootConfiguration online.muydinov.quizletclone.QuizletCloneApplication for test class online.muydinov.quizletclone.QuizletCloneApplicationTests

  .   ____          _            __ _ _
 /\\ / ___'_ __ _ _(_)_ __  __ _ \ \ \ \
( ( )\___ | '_ | '_| | '_ \/ _` | \ \ \ \
 \\/  ___)| |_)| | | | | || (_| |  ) ) ) )
  '  |____| .__|_| |_|_| |_\__, | / / / /
 =========|_|==============|___/=/_/_/_/

 :: Spring Boot ::                (v3.4.2)

2025-02-27T07:36:00.128+05:00  INFO 17776 --- [           main] o.m.q.QuizletCloneApplicationTests       : Starting QuizletCloneApplicationTests using Java 21.0.6 with PID 17776 (started by UMIDJON in C:\Users\UMIDJON\IdeaProjects\QuizletClone)
2025-02-27T07:36:00.131+05:00  INFO 17776 --- [           main] o.m.q.QuizletCloneApplicationTests       : The following 1 profile is active: "test"
2025-02-27T07:36:04.183+05:00  INFO 17776 --- [           main] .s.d.r.c.RepositoryConfigurationDelegate : Bootstrapping Spring Data JPA repositories in DEFAULT mode.
2025-02-27T07:36:04.387+05:00  INFO 17776 --- [           main] .s.d.r.c.RepositoryConfigurationDelegate : Finished Spring Data repository scanning in 155 ms. Found 4 JPA repository interfaces.
2025-02-27T07:36:05.743+05:00  INFO 17776 --- [           main] o.hibernate.jpa.internal.util.LogHelper  : HHH000204: Processing PersistenceUnitInfo [name: default]
2025-02-27T07:36:05.977+05:00  INFO 17776 --- [           main] org.hibernate.Version                    : HHH000412: Hibernate ORM core version 6.6.5.Final
2025-02-27T07:36:06.067+05:00  INFO 17776 --- [           main] o.h.c.internal.RegionFactoryInitiator    : HHH000026: Second-level cache disabled
2025-02-27T07:36:06.992+05:00  INFO 17776 --- [           main] o.s.o.j.p.SpringPersistenceUnitInfo      : No LoadTimeWeaver setup: ignoring JPA class transformer
2025-02-27T07:36:07.090+05:00  INFO 17776 --- [           main] com.zaxxer.hikari.HikariDataSource       : HikariPool-1 - Starting...
2025-02-27T07:36:07.478+05:00  INFO 17776 --- [           main] com.zaxxer.hikari.pool.HikariPool        : HikariPool-1 - Added connection conn0: url=jdbc:h2:mem:testdb user=SA
2025-02-27T07:36:07.482+05:00  INFO 17776 --- [           main] com.zaxxer.hikari.HikariDataSource       : HikariPool-1 - Start completed.
2025-02-27T07:36:07.518+05:00  WARN 17776 --- [           main] org.hibernate.orm.deprecation            : HHH90000025: H2Dialect does not need to be specified explicitly using 'hibernate.dialect' (remove the property setting and it will be selected by default)
2025-02-27T07:36:07.581+05:00  INFO 17776 --- [           main] org.hibernate.orm.connections.pooling    : HHH10001005: Database info:
	Database JDBC URL [Connecting through datasource 'HikariDataSource (HikariPool-1)']
	Database driver: undefined/unknown
	Database version: 2.3.232
	Autocommit mode: undefined/unknown
	Isolation level: undefined/unknown
	Minimum pool size: undefined/unknown
	Maximum pool size: undefined/unknown
2025-02-27T07:36:09.288+05:00  INFO 17776 --- [           main] o.h.e.t.j.p.i.JtaPlatformInitiator       : HHH000489: No JTA platform available (set 'hibernate.transaction.jta.platform' to enable JTA platform integration)
Hibernate: drop table if exists accessible_sets cascade 
Hibernate: drop table if exists access_request cascade 
Hibernate: drop table if exists card cascade 
Hibernate: drop table if exists card_set cascade 
Hibernate: drop table if exists users cascade 
Hibernate: create table accessible_sets (set_id bigint not null, user_id bigint not null, primary key (set_id, user_id))
Hibernate: create table access_request (id bigint generated by default as identity, requester_id bigint not null, set_id bigint not null, status varchar(255) not null, primary key (id))
Hibernate: create table card (id bigint generated by default as identity, set_id bigint not null, definition varchar(255), term varchar(255), primary key (id))
Hibernate: create table card_set (is_public boolean not null, creator_id bigint not null, id bigint generated by default as identity, first_language varchar(255) not null, name varchar(255), second_language varchar(255) not null, primary key (id))
Hibernate: create table users (id bigint generated by default as identity, full_name varchar(255), password varchar(255) not null, username varchar(255) not null unique, primary key (id))
Hibernate: alter table if exists accessible_sets add constraint FKcvsxxmes5yw2prj5fydsw8fc foreign key (user_id) references users
Hibernate: alter table if exists accessible_sets add constraint FKjt8oap4u1rdrhogqhvsxnyssi foreign key (set_id) references card_set
Hibernate: alter table if exists access_request add constraint FKojaq5agd50dgp3uvoj2wuq98t foreign key (set_id) references card_set
Hibernate: alter table if exists access_request add constraint FK1unh4e398edq6p1suky25iyf3 foreign key (requester_id) references users
Hibernate: alter table if exists card add constraint FKn2f6am7956yqlr0hukry1nb6o foreign key (set_id) references card_set
Hibernate: alter table if exists card_set add constraint FKblka99eq8nqtys430x3ec73f3 foreign key (creator_id) references users
2025-02-27T07:36:09.410+05:00  INFO 17776 --- [           main] j.LocalContainerEntityManagerFactoryBean : Initialized JPA EntityManagerFactory for persistence unit 'default'
2025-02-27T07:36:10.162+05:00  INFO 17776 --- [           main] o.s.d.j.r.query.QueryEnhancerFactory     : Hibernate is in classpath; If applicable, HQL parser will be used.
2025-02-27T07:36:16.637+05:00  INFO 17776 --- [           main] eAuthenticationProviderManagerConfigurer : Global AuthenticationManager configured with AuthenticationProvider bean with name authenticationProvider
2025-02-27T07:36:16.639+05:00  WARN 17776 --- [           main] r$InitializeUserDetailsManagerConfigurer : Global AuthenticationManager configured with an AuthenticationProvider bean. UserDetailsService beans will not be used by Spring Security for automatically configuring username/password login. Consider removing the AuthenticationProvider bean. Alternatively, consider using the UserDetailsService in a manually instantiated DaoAuthenticationProvider. If the current configuration is intentional, to turn off this warning, increase the logging level of 'org.springframework.security.config.annotation.authentication.configuration.InitializeUserDetailsBeanManagerConfigurer' to ERROR
2025-02-27T07:36:16.919+05:00  WARN 17776 --- [           main] JpaBaseConfiguration$JpaWebConfiguration : spring.jpa.open-in-view is enabled by default. Therefore, database queries may be performed during view rendering. Explicitly configure spring.jpa.open-in-view to disable this warning
2025-02-27T07:36:17.139+05:00  INFO 17776 --- [           main] o.s.b.a.w.s.WelcomePageHandlerMapping    : Adding welcome page template: index
2025-02-27T07:36:18.526+05:00  WARN 17776 --- [           main] thorizationManagerRequestMatcherRegistry : One of the patterns in [/, index.html, register.html, login.html, dashboard.html, dashboard, cards] is missing a leading slash. This is discouraged; please include the leading slash in all your request matcher patterns. In future versions of Spring Security, leaving out the leading slash will result in an exception.
2025-02-27T07:36:19.427+05:00  INFO 17776 --- [           main] o.s.v.b.OptionalValidatorFactoryBean     : Failed to set up a Bean Validation provider: jakarta.validation.NoProviderFoundException: Unable to create a Configuration, because no Jakarta Bean Validation provider could be found. Add a provider like Hibernate Validator (RI) to your classpath.
2025-02-27T07:36:20.781+05:00  INFO 17776 --- [           main] o.m.q.QuizletCloneApplicationTests       : Started QuizletCloneApplicationTests in 21.915 seconds (process running for 28.475)
]]></system-out>
  </testcase>
</testsuite>